<?xml version="1.0" encoding="UTF-8"?>
<!-- Generated by org.testng.reporters.JUnitReportReporter -->
<testsuite hostname="Swayam" failures="0" tests="2" name="objects.tests.ErrorValidationTest" time="13.376" errors="0" timestamp="2025-07-18T15:00:33 IST" skipped="0">
  <testcase classname="objects.tests.ErrorValidationTest" name="LoginErrorValiation" time="3.143"/>
  <testcase classname="objects.tests.ErrorValidationTest" name="ProductErrorValidation" time="10.233"/>
</testsuite> <!-- objects.tests.ErrorValidationTest -->
