<?xml version="1.0" encoding="UTF-8"?>
<!-- Generated by org.testng.reporters.JUnitReportReporter -->
<testsuite hostname="Swayam" failures="0" tests="3" name="objects.tests.StandaloneTest" time="14.914" errors="0" timestamp="2025-07-18T15:00:33 IST" skipped="0">
  <testcase classname="objects.tests.StandaloneTest" name="loginPage" time="7.227"/>
  <testcase classname="objects.tests.StandaloneTest" name="loginPage" time="4.924"/>
  <testcase classname="objects.tests.StandaloneTest" name="OrderList" time="2.763"/>
</testsuite> <!-- objects.tests.StandaloneTest -->
