<?xml version="1.0" encoding="UTF-8"?>
<!-- Generated by org.testng.reporters.JUnitReportReporter -->
<testsuite hostname="Swayam" failures="0" tests="1" name="objects.tests.errorloginTest" time="2.307" errors="0" timestamp="2025-07-06T19:17:37 IST" skipped="0">
  <testcase classname="objects.tests.errorloginTest" name="checkLoginerror" time="2.307"/>
</testsuite> <!-- objects.tests.errorloginTest -->
