<?xml version="1.0" encoding="UTF-8"?>
<!-- Generated by org.testng.reporters.JUnitReportReporter -->
<testsuite hostname="Swayam" failures="0" tests="2" name="globalproperty.resources.loginTest" time="20.283" errors="0" timestamp="2025-07-07T16:52:46 IST" skipped="0">
  <testcase classname="globalproperty.resources.loginTest" name="loginPage" time="15.247"/>
  <testcase classname="globalproperty.resources.loginTest" name="OrderList" time="5.036"/>
</testsuite> <!-- globalproperty.resources.loginTest -->
