<?xml version="1.0" encoding="UTF-8"?>
<!-- Generated by org.testng.reporters.JUnitReportReporter -->
<testsuite hostname="Swayam" failures="0" tests="3" name="objects.tests.StandaloneTest" time="14.826" errors="0" timestamp="2025-07-10T16:41:50 IST" skipped="0">
  <testcase classname="objects.tests.StandaloneTest" name="loginPage" time="6.663"/>
  <testcase classname="objects.tests.StandaloneTest" name="OrderList" time="2.658"/>
  <testcase classname="objects.tests.StandaloneTest" name="loginPage" time="5.505"/>
</testsuite> <!-- objects.tests.StandaloneTest -->
