<?xml version="1.0" encoding="UTF-8"?>
<!-- Generated by org.testng.reporters.JUnitReportReporter -->
<testsuite hostname="Swayam" failures="0" tests="2" name="objects.tests.ErrorValiationTest" time="10.582" errors="0" timestamp="2025-07-10T16:45:11 IST" skipped="0">
  <testcase classname="objects.tests.ErrorValiationTest" name="ProductErrorValidation" time="6.160"/>
  <testcase classname="objects.tests.ErrorValiationTest" name="LoginErrorValiation" time="4.422"/>
</testsuite> <!-- objects.tests.ErrorValiationTest -->
