<?xml version="1.0" encoding="UTF-8"?>
<!-- Generated by org.testng.reporters.JUnitReportReporter -->
<testsuite hostname="Swayam" failures="0" tests="3" name="objects.tests.StandaloneTest" time="28.322" errors="0" timestamp="2025-07-10T16:45:11 IST" skipped="0">
  <testcase classname="objects.tests.StandaloneTest" name="loginPage" time="7.420"/>
  <testcase classname="objects.tests.StandaloneTest" name="loginPage" time="17.917"/>
  <testcase classname="objects.tests.StandaloneTest" name="OrderList" time="2.985"/>
</testsuite> <!-- objects.tests.StandaloneTest -->
