<?xml version="1.0" encoding="UTF-8"?>
<!-- Generated by org.testng.reporters.JUnitReportReporter -->
<testsuite hostname="Swayam" failures="0" tests="1" name="objects.tests.errorloginTest" time="2.529" errors="0" timestamp="2025-07-07T17:51:35 IST" skipped="0">
  <testcase classname="objects.tests.errorloginTest" name="checkLoginerror" time="2.529"/>
</testsuite> <!-- objects.tests.errorloginTest -->
